proguard/mapping.txt
com.nolanlawson.keepscore.AboutActivity -> com.nolanlawson.keepscore.AboutActivity:
    com.nolanlawson.keepscore.util.UtilLogger log -> a
    android.widget.Button okButton -> b
    android.webkit.WebView aboutWebView -> c
    android.widget.ProgressBar progressBar -> d
    android.os.Handler handler -> e
    android.view.View topPanel -> f
    void onCreate(android.os.Bundle) -> onCreate
    java.lang.String loadTextFile(int) -> a
    void onClick(android.view.View) -> onClick
    java.lang.String getVersionName() -> a
    android.os.Handler access$1(com.nolanlawson.keepscore.AboutActivity) -> a
    void access$2(com.nolanlawson.keepscore.AboutActivity,java.lang.String) -> a
    android.widget.ProgressBar access$3(com.nolanlawson.keepscore.AboutActivity) -> b
    android.webkit.WebView access$4(com.nolanlawson.keepscore.AboutActivity) -> c
    android.view.View access$5(com.nolanlawson.keepscore.AboutActivity) -> d
    android.widget.Button access$6(com.nolanlawson.keepscore.AboutActivity) -> e
com.nolanlawson.keepscore.AboutActivity$AboutWebClient -> com.nolanlawson.keepscore.t:
    com.nolanlawson.keepscore.AboutActivity this$0 -> a
    boolean shouldOverrideUrlLoading(android.webkit.WebView,java.lang.String) -> shouldOverrideUrlLoading
    void onPageFinished(android.webkit.WebView,java.lang.String) -> onPageFinished
com.nolanlawson.keepscore.AboutActivity$AboutWebClient$1 -> com.nolanlawson.keepscore.n:
    com.nolanlawson.keepscore.AboutActivity$AboutWebClient this$1 -> a
    java.lang.String val$url -> b
    void run() -> run
com.nolanlawson.keepscore.AboutActivity$AboutWebClient$2 -> com.nolanlawson.keepscore.m:
    com.nolanlawson.keepscore.AboutActivity$AboutWebClient this$1 -> a
    void run() -> run
com.nolanlawson.keepscore.GameActivity -> com.nolanlawson.keepscore.GameActivity:
    com.nolanlawson.keepscore.util.UtilLogger log -> a
    android.view.View rootLayout -> b
    com.nolanlawson.keepscore.db.Game game -> c
    java.util.List playerScores -> d
    android.os.PowerManager$WakeLock wakeLock -> e
    java.util.List playerViews -> f
    android.os.Handler handler -> g
    void onCreate(android.os.Bundle) -> onCreate
    void onPause() -> onPause
    void onResume() -> onResume
    boolean onCreateOptionsMenu(android.view.Menu) -> onCreateOptionsMenu
    boolean onPrepareOptionsMenu(android.view.Menu) -> onPrepareOptionsMenu
    boolean onOptionsItemSelected(android.view.MenuItem) -> onOptionsItemSelected
    void startNewGameWithSameSettings() -> a
    void saveGame(com.nolanlawson.keepscore.db.Game,boolean,java.lang.Runnable) -> a
    void setUpWidgets() -> b
    void access$0(com.nolanlawson.keepscore.GameActivity,java.lang.CharSequence) -> a
    com.nolanlawson.keepscore.db.Game access$2(com.nolanlawson.keepscore.GameActivity) -> a
    java.util.List access$3(com.nolanlawson.keepscore.GameActivity) -> b
com.nolanlawson.keepscore.GameActivity$1 -> com.nolanlawson.keepscore.p:
    com.nolanlawson.keepscore.GameActivity this$0 -> a
    android.widget.EditText val$editText -> b
    void onClick(android.content.DialogInterface,int) -> onClick
com.nolanlawson.keepscore.GameActivity$2 -> com.nolanlawson.keepscore.o:
    com.nolanlawson.keepscore.GameActivity this$0 -> a
    void run() -> run
com.nolanlawson.keepscore.GameActivity$3 -> com.nolanlawson.keepscore.l:
    com.nolanlawson.keepscore.GameActivity this$0 -> a
    void onClick(android.content.DialogInterface,int) -> onClick
com.nolanlawson.keepscore.GameActivity$4 -> com.nolanlawson.keepscore.k:
    com.nolanlawson.keepscore.GameActivity this$0 -> a
    void onClick(android.content.DialogInterface,int) -> onClick